app/build/intermediates/manifest_merge_blame_file/debug/manifest-merger-blame-debug-report.txt
1<?xml version="1.0" encoding="utf-8"?>
2<manifest xmlns:android="http://schemas.android.com/apk/res/android"
3    package="com.umc.pieciesoflife"
4    android:versionCode="1"
5    android:versionName="1.0" >
6
7    <uses-sdk
8        android:minSdkVersion="21"
8-->src/main/AndroidManifest.xml
9        android:targetSdkVersion="33" />
9-->src/main/AndroidManifest.xml
10
11    <permission
11-->[androidx.core:core:1.9.0] AndroidManifest.xml:22:5-24:47
12        android:name="com.umc.pieciesoflife.DYNAMIC_RECEIVER_NOT_EXPORTED_PERMISSION"
12-->[androidx.core:core:1.9.0] AndroidManifest.xml:23:9-81
13        android:protectionLevel="signature" />
13-->[androidx.core:core:1.9.0] AndroidManifest.xml:24:9-44
14
15    <uses-permission android:name="com.umc.pieciesoflife.DYNAMIC_RECEIVER_NOT_EXPORTED_PERMISSION" />
15-->[androidx.core:core:1.9.0] AndroidManifest.xml:26:5-97
15-->[androidx.core:core:1.9.0] AndroidManifest.xml:26:22-94
16
17    <application
17-->src/main/AndroidManifest.xml:5:5-51:19
18        android:allowBackup="true"
18-->src/main/AndroidManifest.xml:6:9-35
19        android:appComponentFactory="androidx.core.app.CoreComponentFactory"
19-->[androidx.core:core:1.9.0] AndroidManifest.xml:28:18-86
20        android:dataExtractionRules="@xml/data_extraction_rules"
20-->src/main/AndroidManifest.xml:7:9-65
21        android:debuggable="true"
22        android:fullBackupContent="@xml/backup_rules"
22-->src/main/AndroidManifest.xml:8:9-54
23        android:icon="@mipmap/ic_launcher"
23-->src/main/AndroidManifest.xml:9:9-43
24        android:label="@string/app_name"
24-->src/main/AndroidManifest.xml:10:9-41
25        android:roundIcon="@mipmap/ic_launcher_round"
25-->src/main/AndroidManifest.xml:11:9-54
26        android:supportsRtl="true"
26-->src/main/AndroidManifest.xml:12:9-35
27        android:testOnly="true"
28        android:theme="@style/Theme.Pieciesoflife" >
28-->src/main/AndroidManifest.xml:13:9-51
29        <activity
29-->src/main/AndroidManifest.xml:15:9-27:20
30            android:name="com.umc.pieciesoflife.Acitivity.LoginActivity"
30-->src/main/AndroidManifest.xml:16:13-52
31            android:exported="true" >
31-->src/main/AndroidManifest.xml:17:13-36
32            <intent-filter>
32-->src/main/AndroidManifest.xml:18:13-22:29
33                <action android:name="android.intent.action.MAIN" />
33-->src/main/AndroidManifest.xml:19:17-69
33-->src/main/AndroidManifest.xml:19:25-66
34
35                <category android:name="android.intent.category.LAUNCHER" />
35-->src/main/AndroidManifest.xml:21:17-77
35-->src/main/AndroidManifest.xml:21:27-74
36            </intent-filter>
37
38            <meta-data
38-->src/main/AndroidManifest.xml:24:13-26:36
39                android:name="android.app.lib_name"
39-->src/main/AndroidManifest.xml:25:17-52
40                android:value="" />
40-->src/main/AndroidManifest.xml:26:17-33
41        </activity>
42        <activity
42-->src/main/AndroidManifest.xml:28:9-93
43            android:name="com.umc.pieciesoflife.Acitivity.StartNewstoryAcitivity"
43-->src/main/AndroidManifest.xml:28:19-67
44            android:exported="true" />
44-->src/main/AndroidManifest.xml:28:68-91
45        <activity
45-->src/main/AndroidManifest.xml:29:9-83
46            android:name="com.umc.pieciesoflife.Acitivity.MainActivity"
46-->src/main/AndroidManifest.xml:29:19-57
47            android:exported="true" />
47-->src/main/AndroidManifest.xml:29:58-81
48        <activity
48-->src/main/AndroidManifest.xml:30:9-81
49            android:name="com.umc.pieciesoflife.Acitivity.MyActivity"
49-->src/main/AndroidManifest.xml:30:19-55
50            android:exported="true" />
50-->src/main/AndroidManifest.xml:30:56-79
51        <activity
51-->src/main/AndroidManifest.xml:31:9-83
52            android:name="com.umc.pieciesoflife.Acitivity.ChatActivity"
52-->src/main/AndroidManifest.xml:31:19-57
53            android:exported="true" />
53-->src/main/AndroidManifest.xml:31:58-81
54        <activity
54-->src/main/AndroidManifest.xml:32:9-87
55            android:name="com.umc.pieciesoflife.Acitivity.ChatSendActivity"
55-->src/main/AndroidManifest.xml:32:19-61
56            android:exported="true" />
56-->src/main/AndroidManifest.xml:32:62-85
57        <activity
57-->src/main/AndroidManifest.xml:33:9-86
58            android:name="com.umc.pieciesoflife.Acitivity.ExploreActivity"
58-->src/main/AndroidManifest.xml:33:19-60
59            android:exported="true" />
59-->src/main/AndroidManifest.xml:33:61-84
60        <activity
60-->src/main/AndroidManifest.xml:34:9-94
61            android:name="com.umc.pieciesoflife.Acitivity.ExploreDetailedActivity"
61-->src/main/AndroidManifest.xml:34:19-68
62            android:exported="true" />
62-->src/main/AndroidManifest.xml:34:69-92
63        <activity
63-->src/main/AndroidManifest.xml:35:9-89
64            android:name="com.umc.pieciesoflife.Acitivity.MyDetailedActivity"
64-->src/main/AndroidManifest.xml:35:19-63
65            android:exported="true" />
65-->src/main/AndroidManifest.xml:35:64-87
66        <activity
66-->src/main/AndroidManifest.xml:36:9-83
67            android:name="com.umc.pieciesoflife.Acitivity.NotiActivity"
67-->src/main/AndroidManifest.xml:36:19-57
68            android:exported="true" />
68-->src/main/AndroidManifest.xml:36:58-81
69        <activity
69-->src/main/AndroidManifest.xml:37:9-88
70            android:name="com.umc.pieciesoflife.Acitivity.SaveColorActivity"
70-->src/main/AndroidManifest.xml:37:19-62
71            android:exported="true" />
71-->src/main/AndroidManifest.xml:37:63-86
72        <activity
72-->src/main/AndroidManifest.xml:38:9-88
73            android:name="com.umc.pieciesoflife.Acitivity.SaveFinalActivity"
73-->src/main/AndroidManifest.xml:38:19-62
74            android:exported="true" />
74-->src/main/AndroidManifest.xml:38:63-86
75        <activity
75-->src/main/AndroidManifest.xml:39:9-88
76            android:name="com.umc.pieciesoflife.Acitivity.SaveIntroActivity"
76-->src/main/AndroidManifest.xml:39:19-62
77            android:exported="true" />
77-->src/main/AndroidManifest.xml:39:63-86
78        <activity
78-->src/main/AndroidManifest.xml:40:9-88
79            android:name="com.umc.pieciesoflife.Acitivity.SaveTitleActivity"
79-->src/main/AndroidManifest.xml:40:19-62
80            android:exported="true" />
80-->src/main/AndroidManifest.xml:40:63-86
81        <activity
81-->src/main/AndroidManifest.xml:41:9-89
82            android:name="com.umc.pieciesoflife.Acitivity.StoryWriteActivity"
82-->src/main/AndroidManifest.xml:41:19-63
83            android:exported="true" />
83-->src/main/AndroidManifest.xml:41:64-87
84        <activity
84-->src/main/AndroidManifest.xml:42:9-85
85            android:name="com.umc.pieciesoflife.Acitivity.TagAgeActivity"
85-->src/main/AndroidManifest.xml:42:19-59
86            android:exported="true" />
86-->src/main/AndroidManifest.xml:42:60-83
87        <activity
87-->src/main/AndroidManifest.xml:43:9-88
88            android:name="com.umc.pieciesoflife.Acitivity.TagMatterActivity"
88-->src/main/AndroidManifest.xml:43:19-62
89            android:exported="true" />
89-->src/main/AndroidManifest.xml:43:63-86
90        <activity
90-->src/main/AndroidManifest.xml:44:9-86
91            android:name="com.umc.pieciesoflife.Acitivity.TagMoodActivity"
91-->src/main/AndroidManifest.xml:44:19-60
92            android:exported="true" />
92-->src/main/AndroidManifest.xml:44:61-84
93        <activity
93-->src/main/AndroidManifest.xml:45:9-88
94            android:name="com.umc.pieciesoflife.Acitivity.TagObjectActivity"
94-->src/main/AndroidManifest.xml:45:19-62
95            android:exported="true" />
95-->src/main/AndroidManifest.xml:45:63-86
96        <activity
96-->src/main/AndroidManifest.xml:46:9-88
97            android:name="com.umc.pieciesoflife.Acitivity.TagPersonActivity"
97-->src/main/AndroidManifest.xml:46:19-62
98            android:exported="true" />
98-->src/main/AndroidManifest.xml:46:63-86
99        <activity
99-->src/main/AndroidManifest.xml:47:9-87
100            android:name="com.umc.pieciesoflife.Acitivity.TagPlaceActivity"
100-->src/main/AndroidManifest.xml:47:19-61
101            android:exported="true" />
101-->src/main/AndroidManifest.xml:47:62-85
102        <activity
102-->src/main/AndroidManifest.xml:48:9-86
103            android:name="com.umc.pieciesoflife.Acitivity.TagYearActivity"
103-->src/main/AndroidManifest.xml:48:19-60
104            android:exported="true" />
104-->src/main/AndroidManifest.xml:48:61-84
105        <activity
105-->src/main/AndroidManifest.xml:49:9-94
106            android:name="com.umc.pieciesoflife.BottomNavBar.BottomNavBarActivity"
106-->src/main/AndroidManifest.xml:49:19-68
107            android:exported="true" />
107-->src/main/AndroidManifest.xml:49:69-92
108
109        <provider
109-->[androidx.emoji2:emoji2:1.2.0] AndroidManifest.xml:24:9-32:20
110            android:name="androidx.startup.InitializationProvider"
110-->[androidx.emoji2:emoji2:1.2.0] AndroidManifest.xml:25:13-67
111            android:authorities="com.umc.pieciesoflife.androidx-startup"
111-->[androidx.emoji2:emoji2:1.2.0] AndroidManifest.xml:26:13-68
112            android:exported="false" >
112-->[androidx.emoji2:emoji2:1.2.0] AndroidManifest.xml:27:13-37
113            <meta-data
113-->[androidx.emoji2:emoji2:1.2.0] AndroidManifest.xml:29:13-31:52
114                android:name="androidx.emoji2.text.EmojiCompatInitializer"
114-->[androidx.emoji2:emoji2:1.2.0] AndroidManifest.xml:30:17-75
115                android:value="androidx.startup" />
115-->[androidx.emoji2:emoji2:1.2.0] AndroidManifest.xml:31:17-49
116            <meta-data
116-->[androidx.lifecycle:lifecycle-process:2.4.1] AndroidManifest.xml:31:13-33:52
117                android:name="androidx.lifecycle.ProcessLifecycleInitializer"
117-->[androidx.lifecycle:lifecycle-process:2.4.1] AndroidManifest.xml:32:17-78
118                android:value="androidx.startup" />
118-->[androidx.lifecycle:lifecycle-process:2.4.1] AndroidManifest.xml:33:17-49
119        </provider>
120    </application>
121
122</manifest>